1485282965.562946 client started (34047): socket /private/tmp/tmux-501/default, protocol 8
1485282965.563039 on Darwin 16.3.0 Darwin Kernel Version 16.3.0: Thu Nov 17 20:23:58 PST 2016; root:xnu-3789.31.2~1/RELEASE_X86_64; libevent 2.0.22-stable (poll)
1485282965.563127 socket is /private/tmp/tmux-501/default
1485282965.563145 trying connect
1485282965.563248 add peer 0x7fc0b001c800: 6 (0x0)
1485282965.565437 sending message 100 to peer 0x7fc0b001c800 (4 bytes)
1485282965.565465 sending message 101 to peer 0x7fc0b001c800 (7 bytes)
1485282965.565469 sending message 102 to peer 0x7fc0b001c800 (13 bytes)
1485282965.565473 sending message 108 to peer 0x7fc0b001c800 (30 bytes)
1485282965.565489 sending message 104 to peer 0x7fc0b001c800 (0 bytes)
1485282965.565493 sending message 107 to peer 0x7fc0b001c800 (4 bytes)
1485282965.565497 sending message 105 to peer 0x7fc0b001c800 (28 bytes)
1485282965.565501 sending message 105 to peer 0x7fc0b001c800 (12 bytes)
1485282965.565504 sending message 105 to peer 0x7fc0b001c800 (16 bytes)
1485282965.565508 sending message 105 to peer 0x7fc0b001c800 (57 bytes)
1485282965.565512 sending message 105 to peer 0x7fc0b001c800 (76 bytes)
1485282965.565515 sending message 105 to peer 0x7fc0b001c800 (25 bytes)
1485282965.565519 sending message 105 to peer 0x7fc0b001c800 (53 bytes)
1485282965.565522 sending message 105 to peer 0x7fc0b001c800 (12 bytes)
1485282965.565526 sending message 105 to peer 0x7fc0b001c800 (66 bytes)
1485282965.565529 sending message 105 to peer 0x7fc0b001c800 (38 bytes)
1485282965.565533 sending message 105 to peer 0x7fc0b001c800 (43 bytes)
1485282965.565537 sending message 105 to peer 0x7fc0b001c800 (332 bytes)
1485282965.565541 sending message 105 to peer 0x7fc0b001c800 (34 bytes)
1485282965.565544 sending message 105 to peer 0x7fc0b001c800 (17 bytes)
1485282965.565548 sending message 105 to peer 0x7fc0b001c800 (14 bytes)
1485282965.565551 sending message 105 to peer 0x7fc0b001c800 (13 bytes)
1485282965.565555 sending message 105 to peer 0x7fc0b001c800 (19 bytes)
1485282965.565559 sending message 105 to peer 0x7fc0b001c800 (8 bytes)
1485282965.565562 sending message 105 to peer 0x7fc0b001c800 (19 bytes)
1485282965.565566 sending message 105 to peer 0x7fc0b001c800 (15 bytes)
1485282965.565573 sending message 105 to peer 0x7fc0b001c800 (22 bytes)
1485282965.565577 sending message 106 to peer 0x7fc0b001c800 (0 bytes)
1485282965.565584 sending message 200 to peer 0x7fc0b001c800 (4 bytes)
1485282965.565588 client loop enter
1485282965.567863 peer 0x7fc0b001c800 message 211
1485282965.567892 peer 0x7fc0b001c800 message 203
1485282965.567900 client loop exit
